{"time":"2025-06-09T09:59:30.4108983+02:00","level":"DEBUG","msg":"address","localhost:4597":"component","!BADKEY":"Starting API on "}
{"time":"2025-06-09T19:37:02.4617253+02:00","level":"DEBUG","msg":"address","localhost:4597":"component","!BADKEY":"Starting API on "}
{"time":"2025-06-09T20:27:19.9850473+02:00","level":"DEBUG","msg":"address","localhost:4597":"component","!BADKEY":"Starting API on "}
{"time":"2025-06-09T20:46:37.8691153+02:00","level":"DEBUG","msg":"address","localhost:4597":"component","!BADKEY":"Starting API"}
{"time":"2025-06-09T20:52:48.6079055+02:00","level":"DEBUG","msg":"address","localhost:4597":"component","!BADKEY":"Starting API"}
{"time":"2025-06-09T20:53:19.1694705+02:00","level":"DEBUG","msg":"localhost:4597","component":"Starting API on"}
{"time":"2025-06-09T21:13:10.6923555+02:00","level":"DEBUG","msg":"localhost:4597","component":"Starting API on "}
{"time":"2025-06-09T21:17:53.7169049+02:00","level":"DEBUG","msg":"Starting API on ","address ":"component","!BADKEY":"localhost:4597"}
{"time":"2025-06-09T21:19:53.2243898+02:00","level":"DEBUG","msg":"Starting API on ","component":"localhost:4597"}
{"time":"2025-06-10T19:55:13.4956631+02:00","level":"DEBUG","msg":"Starting API on ","component":"localhost:4597"}
{"time":"2025-06-10T19:56:39.5110667+02:00","level":"ERROR","msg":"failed to process login request","error":"sql: no rows in result set","component":"auth-service"}
{"time":"2025-06-10T20:12:13.9041832+02:00","level":"DEBUG","msg":"Starting API on ","component":"localhost:4597"}
{"time":"2025-06-10T20:12:26.9133646+02:00","level":"ERROR","msg":"invalid password provided","error":null,"component":"auth-service"}
{"time":"2025-06-10T20:15:20.2448258+02:00","level":"ERROR","msg":"invalid password provided","error":null,"component":"auth-service"}
{"time":"2025-06-10T21:24:18.7079877+02:00","level":"DEBUG","msg":"Starting API on ","component":"localhost:4597"}
{"time":"2025-06-10T21:25:06.0714618+02:00","level":"ERROR","msg":"invalid password provided","error":null,"component":"auth-service"}
{"time":"2025-06-11T20:57:29.9299062+02:00","level":"DEBUG","msg":"Starting API on ","component":"localhost:4597"}
{"time":"2025-06-11T20:58:36.3245418+02:00","level":"INFO","msg":"handling request data","user":{"ID":1,"DisplayName":{"String":"root root","Valid":true},"Email":"root@mail.com","Password":"$2a$10$nI.NTN2PPiiFER5z7AQnZ.FcPGvC7o4s49M/CSKP5GObNmMvdYnkK","LastLoginAt":{"Time":"0001-01-01T00:00:00Z","Valid":false}},"request":{"email":"root@mail.com","password":"root"},"component":"auth-service"}
{"time":"2025-06-11T20:58:36.3955651+02:00","level":"DEBUG","msg":"invalid password provided","email":"root@mail.com","error":null,"component":"auth-service"}
{"time":"2025-06-11T21:11:33.5766183+02:00","level":"DEBUG","msg":"failed to find user from login request","email":"zikani1@example.com","component":"auth-service"}
{"time":"2025-06-11T21:12:36.0700301+02:00","level":"INFO","msg":"handling request data","user":{"ID":1,"DisplayName":{"String":"root root","Valid":true},"Email":"root@mail.com","Password":"$2a$10$nI.NTN2PPiiFER5z7AQnZ.FcPGvC7o4s49M/CSKP5GObNmMvdYnkK","LastLoginAt":{"Time":"0001-01-01T00:00:00Z","Valid":false}},"request":{"email":"root@mail.com","password":"root"},"component":"auth-service"}
{"time":"2025-06-11T21:12:36.1721673+02:00","level":"DEBUG","msg":"invalid password provided","email":"root@mail.com","error":null,"component":"auth-service"}
{"time":"2025-06-11T21:16:02.3472901+02:00","level":"INFO","msg":"handling request data","user":{"ID":2,"DisplayName":{"String":"test test","Valid":true},"Email":"test@mail.com","Password":"$2a$12$41zT0Ja8VsWnw8vZKVACEuFinelpDpT5umVE074W0TpyWAhaZQ/Ym","LastLoginAt":{"Time":"0001-01-01T00:00:00Z","Valid":false}},"request":{"email":"test@mail.com","password":"test123"},"component":"auth-service"}
{"time":"2025-06-11T21:19:36.703715+02:00","level":"INFO","msg":"handling request data","user":{"ID":2,"DisplayName":{"String":"test test","Valid":true},"Email":"test@mail.com","Password":"$2a$12$41zT0Ja8VsWnw8vZKVACEuFinelpDpT5umVE074W0TpyWAhaZQ/Ym","LastLoginAt":{"Time":"0001-01-01T00:00:00Z","Valid":false}},"request":{"email":"test@mail.com","password":"test123"},"component":"auth-service"}
